
2	OPEN	/home/transclosure/repos/logic4systems/lab2/solution.als5431	SAVE	/home/transclosure/repos/logic4systems/lab2/solution.als6001	SAVE	/home/transclosure/repos/logic4systems/lab2/solution.als6177	SAVE	/home/transclosure/repos/logic4systems/lab2/solution.als7094	SAVE	/home/transclosure/repos/logic4systems/lab2/solution.als8595	SAVE	/home/transclosure/repos/logic4systems/lab2/solution.als8769	SAVE	/home/transclosure/repos/logic4systems/lab2/solution.als11966	EXECUTE	215104	EXECUTE	117890	SHOW	latestInstance.length()=5019660	NEXT	type=diff20510	NEXT	type=diff21224	NEXT	type=diff28444	EVAL	query=@whynot39774	EVAL	query=@prov 0
3	OPEN	/home/transclosure/repos/logic4systems/lab2/solution.als
4665	SAVE	/home/transclosure/repos/logic4systems/lab2/solution.als
6735	EXECUTE	command=Check soundness for 4 Memory
8552	EXECUTE	command=Check fixcompleteness for 4 Memory
13787	EXECUTE	command=Check completeness for 4 Memory
35175	EVAL	query=@why
53385	EVAL	query=@prov 0

6	OPEN	/home/transclosure/repos/logic4systems/lab2/solution.als
1162	EXECUTE	command=Check soundness for 4 Memory
3906	EXECUTE	command=Check fixcompleteness for 4 Memory
5767	EXECUTE	command=Check completeness for 4 Memory
8318	NEXT	type=diff
8896	NEXT	type=diff
9448	NEXT	type=diff
9986	NEXT	type=diff
11390	NEXT	type=diff
12006	NEXT	type=diff
20427	SAVE	/home/transclosure/repos/logic4systems/lab2/solution.als

4	OPEN	/home/transclosure/repos/logic4systems/lab2/solution.als
2723	EXECUTE	command=Check soundness for 4 Memory
5127	EXECUTE	command=Check completeness for 4 Memory
5765	SHOW	latestInstance.length()=51
10819	EVAL	query=@why
23525	EVAL	query=@prov 0
116372	EVAL	query=@prov 1
180147	OPEN	/home/transclosure/workspace/AmalgamAlloy/testing/real pass/flowlog-auto-nib-updated.als
183756	EXECUTE	command=Check isTCReallyTC for 0 but 1 Event, 2 State, 4 Switchid, 2 Portid, 2 Ipaddr, 1 Ethtyp, 1 Nwprotocol
185397	SHOW	latestInstance.length()=51
206723	EVAL	query=@why
242276	EVAL	query=@prov 0
